{
  "RSpec": {
    "coverage": {
      "/home/achim/samle_app2/app/controllers/application_controller.rb": [
        1,
        1,
        1,
        null
      ],
      "/home/achim/samle_app2/app/helpers/application_helper.rb": [
        1,
        null,
        null,
        1,
        222,
        222,
        24,
        null,
        198,
        null,
        null,
        null
      ],
      "/home/achim/samle_app2/app/helpers/sessions_helper.rb": [
        1,
        null,
        1,
        61,
        61,
        null,
        null,
        1,
        341,
        null,
        null,
        1,
        0,
        null,
        null,
        1,
        1336,
        null,
        null,
        1,
        196,
        null,
        null,
        1,
        52,
        7,
        7,
        null,
        null,
        null,
        1,
        1,
        1,
        null,
        null,
        1,
        53,
        53,
        null,
        null,
        1,
        7,
        null,
        null,
        1,
        1,
        287,
        287,
        null,
        null,
        1,
        53,
        null,
        null
      ],
      "/home/achim/samle_app2/app/helpers/static_pages_helper.rb": [
        1,
        null
      ],
      "/home/achim/samle_app2/app/helpers/users_helper.rb": [
        1,
        null,
        null,
        1,
        576,
        576,
        576,
        576,
        null,
        null
      ],
      "/home/achim/samle_app2/app/controllers/microposts_controller.rb": [
        1,
        1,
        1,
        null,
        1,
        3,
        3,
        1,
        1,
        null,
        2,
        2,
        null,
        null,
        null,
        1,
        1,
        1,
        null,
        null,
        1,
        1,
        1,
        1,
        null,
        null
      ],
      "/home/achim/samle_app2/app/models/micropost.rb": [
        1,
        1,
        1,
        null,
        1,
        1,
        null,
        1,
        null
      ],
      "/home/achim/samle_app2/app/controllers/sessions_controller.rb": [
        1,
        1,
        null,
        null,
        1,
        59,
        59,
        null,
        52,
        52,
        null,
        null,
        7,
        7,
        null,
        null,
        null,
        1,
        1,
        1,
        null,
        null
      ],
      "/home/achim/samle_app2/app/controllers/static_pages_controller.rb": [
        1,
        1,
        22,
        10,
        10,
        null,
        null,
        null,
        null,
        1,
        null,
        null,
        1,
        null,
        null,
        null
      ],
      "/home/achim/samle_app2/app/controllers/users_controller.rb": [
        1,
        1,
        1,
        1,
        1,
        null,
        1,
        64,
        64,
        null,
        null,
        1,
        11,
        null,
        null,
        1,
        8,
        8,
        4,
        4,
        4,
        null,
        4,
        null,
        null,
        null,
        1,
        null,
        null,
        1,
        6,
        null,
        5,
        5,
        5,
        null,
        1,
        null,
        null,
        null,
        1,
        18,
        null,
        null,
        1,
        2,
        2,
        2,
        2,
        null,
        null,
        1,
        1,
        20,
        20,
        null,
        null,
        1,
        3,
        null,
        null,
        1,
        21,
        null,
        null,
        null
      ],
      "/home/achim/samle_app2/app/models/user.rb": [
        1,
        1,
        1,
        1,
        null,
        1,
        null,
        null,
        1,
        null,
        1,
        1,
        1,
        1,
        null,
        null,
        1,
        14,
        null,
        null,
        1,
        1,
        119,
        null,
        null
      ]
    },
    "timestamp": 1333184078
  }
}
